2021-01-28 13:51:23.931  INFO 11192 --- [restartedMain] com.udemy.demo.LibraryApiApplication     : Starting LibraryApiApplication on ti-note with PID 11192 (D:\cursos\springboot\demo\target\classes started by rodrigo in D:\cursos\springboot\demo)
2021-01-28 13:51:23.936  INFO 11192 --- [restartedMain] com.udemy.demo.LibraryApiApplication     : No active profile set, falling back to default profiles: default
2021-01-28 13:51:24.108  INFO 11192 --- [restartedMain] .e.DevToolsPropertyDefaultsPostProcessor : Devtools property defaults active! Set 'spring.devtools.add-properties' to 'false' to disable
2021-01-28 13:51:24.108  INFO 11192 --- [restartedMain] .e.DevToolsPropertyDefaultsPostProcessor : For additional web related logging consider setting the 'logging.level.web' property to 'DEBUG'
2021-01-28 13:51:30.994  INFO 11192 --- [restartedMain] .s.d.r.c.RepositoryConfigurationDelegate : Bootstrapping Spring Data JPA repositories in DEFERRED mode.
2021-01-28 13:51:31.360  INFO 11192 --- [restartedMain] .s.d.r.c.RepositoryConfigurationDelegate : Finished Spring Data repository scanning in 286ms. Found 2 JPA repository interfaces.
2021-01-28 13:51:34.357  INFO 11192 --- [restartedMain] o.s.b.w.embedded.tomcat.TomcatWebServer  : Tomcat initialized with port(s): 8080 (http)
2021-01-28 13:51:34.393  INFO 11192 --- [restartedMain] o.apache.catalina.core.StandardService   : Starting service [Tomcat]
2021-01-28 13:51:34.395  INFO 11192 --- [restartedMain] org.apache.catalina.core.StandardEngine  : Starting Servlet engine: [Apache Tomcat/9.0.37]
2021-01-28 13:51:34.905  INFO 11192 --- [restartedMain] o.a.c.c.C.[Tomcat].[localhost].[/]       : Initializing Spring embedded WebApplicationContext
2021-01-28 13:51:34.905  INFO 11192 --- [restartedMain] w.s.c.ServletWebServerApplicationContext : Root WebApplicationContext: initialization completed in 10796 ms
2021-01-28 13:51:35.576  INFO 11192 --- [restartedMain] com.zaxxer.hikari.HikariDataSource       : HikariPool-1 - Starting...
2021-01-28 13:51:36.025  INFO 11192 --- [restartedMain] com.zaxxer.hikari.HikariDataSource       : HikariPool-1 - Start completed.
2021-01-28 13:51:36.038  INFO 11192 --- [restartedMain] o.s.b.a.h2.H2ConsoleAutoConfiguration    : H2 console available at '/h2-console'. Database available at 'jdbc:h2:mem:e11fefa7-d923-4c10-bdaa-7e552a4cc2db'
2021-01-28 13:51:36.475  INFO 11192 --- [restartedMain] o.s.s.concurrent.ThreadPoolTaskExecutor  : Initializing ExecutorService 'applicationTaskExecutor'
2021-01-28 13:51:36.536  INFO 11192 --- [restartedMain] o.s.s.c.ThreadPoolTaskScheduler          : Initializing ExecutorService 'taskScheduler'
2021-01-28 13:51:36.655  INFO 11192 --- [task-1] o.hibernate.jpa.internal.util.LogHelper  : HHH000204: Processing PersistenceUnitInfo [name: default]
2021-01-28 13:51:36.992  INFO 11192 --- [task-1] org.hibernate.Version                    : HHH000412: Hibernate ORM core version 5.4.18.Final
2021-01-28 13:51:37.742  INFO 11192 --- [task-1] o.hibernate.annotations.common.Version   : HCANN000001: Hibernate Commons Annotations {5.1.0.Final}
2021-01-28 13:51:38.290  WARN 11192 --- [restartedMain] JpaBaseConfiguration$JpaWebConfiguration : spring.jpa.open-in-view is enabled by default. Therefore, database queries may be performed during view rendering. Explicitly configure spring.jpa.open-in-view to disable this warning
2021-01-28 13:51:38.487  INFO 11192 --- [task-1] org.hibernate.dialect.Dialect            : HHH000400: Using dialect: org.hibernate.dialect.H2Dialect
2021-01-28 13:51:39.323  INFO 11192 --- [restartedMain] o.s.b.a.e.web.EndpointLinksResolver      : Exposing 14 endpoint(s) beneath base path '/actuator'
2021-01-28 13:51:40.494  INFO 11192 --- [restartedMain] o.s.b.d.a.OptionalLiveReloadServer       : LiveReload server is running on port 35729
2021-01-28 13:51:41.299  INFO 11192 --- [task-1] o.h.e.t.j.p.i.JtaPlatformInitiator       : HHH000490: Using JtaPlatform implementation: [org.hibernate.engine.transaction.jta.platform.internal.NoJtaPlatform]
2021-01-28 13:51:41.323  INFO 11192 --- [task-1] j.LocalContainerEntityManagerFactoryBean : Initialized JPA EntityManagerFactory for persistence unit 'default'
2021-01-28 13:51:41.823  INFO 11192 --- [restartedMain] o.s.b.w.embedded.tomcat.TomcatWebServer  : Tomcat started on port(s): 8080 (http) with context path ''
2021-01-28 13:51:41.825  INFO 11192 --- [restartedMain] d.s.w.p.DocumentationPluginsBootstrapper : Context refreshed
2021-01-28 13:51:41.874  INFO 11192 --- [restartedMain] d.s.w.p.DocumentationPluginsBootstrapper : Found 1 custom documentation plugin(s)
2021-01-28 13:51:41.923  INFO 11192 --- [restartedMain] s.d.s.w.s.ApiListingReferenceScanner     : Scanning for api listing references
2021-01-28 13:51:42.540  INFO 11192 --- [restartedMain] .d.s.w.r.o.CachingOperationNameGenerator : Generating unique operation named: createUsingPOST_1
2021-01-28 13:51:42.550  INFO 11192 --- [restartedMain] .d.s.w.r.o.CachingOperationNameGenerator : Generating unique operation named: findUsingGET_1
2021-01-28 13:51:42.577  INFO 11192 --- [restartedMain] DeferredRepositoryInitializationListener : Triggering deferred initialization of Spring Data repositories…
2021-01-28 13:51:43.140  INFO 11192 --- [restartedMain] DeferredRepositoryInitializationListener : Spring Data repositories initialized!
2021-01-28 13:51:43.167  INFO 11192 --- [restartedMain] com.udemy.demo.LibraryApiApplication     : Started LibraryApiApplication in 20.67 seconds (JVM running for 27.262)
2021-01-28 13:51:44.419  INFO 11192 --- [RMI TCP Connection(2)-192.168.0.216] o.a.c.c.C.[Tomcat].[localhost].[/]       : Initializing Spring DispatcherServlet 'dispatcherServlet'
2021-01-28 13:51:44.419  INFO 11192 --- [RMI TCP Connection(2)-192.168.0.216] o.s.web.servlet.DispatcherServlet        : Initializing Servlet 'dispatcherServlet'
2021-01-28 13:51:44.437  INFO 11192 --- [RMI TCP Connection(2)-192.168.0.216] o.s.web.servlet.DispatcherServlet        : Completed initialization in 18 ms
2021-01-28 13:56:40.248  INFO 18244 --- [restartedMain] com.udemy.demo.LibraryApiApplication     : Starting LibraryApiApplication on ti-note with PID 18244 (D:\cursos\springboot\demo\target\classes started by rodrigo in D:\cursos\springboot\demo)
2021-01-28 13:56:40.254  INFO 18244 --- [restartedMain] com.udemy.demo.LibraryApiApplication     : No active profile set, falling back to default profiles: default
2021-01-28 13:56:40.629  INFO 18244 --- [restartedMain] .e.DevToolsPropertyDefaultsPostProcessor : Devtools property defaults active! Set 'spring.devtools.add-properties' to 'false' to disable
2021-01-28 13:56:40.630  INFO 18244 --- [restartedMain] .e.DevToolsPropertyDefaultsPostProcessor : For additional web related logging consider setting the 'logging.level.web' property to 'DEBUG'
2021-01-28 13:56:47.593  INFO 18244 --- [restartedMain] .s.d.r.c.RepositoryConfigurationDelegate : Bootstrapping Spring Data JPA repositories in DEFERRED mode.
2021-01-28 13:56:47.954  INFO 18244 --- [restartedMain] .s.d.r.c.RepositoryConfigurationDelegate : Finished Spring Data repository scanning in 343ms. Found 2 JPA repository interfaces.
2021-01-28 13:56:51.035  INFO 18244 --- [restartedMain] o.s.b.w.embedded.tomcat.TomcatWebServer  : Tomcat initialized with port(s): 8080 (http)
2021-01-28 13:56:51.105  INFO 18244 --- [restartedMain] o.apache.catalina.core.StandardService   : Starting service [Tomcat]
2021-01-28 13:56:51.107  INFO 18244 --- [restartedMain] org.apache.catalina.core.StandardEngine  : Starting Servlet engine: [Apache Tomcat/9.0.37]
2021-01-28 13:56:51.751  INFO 18244 --- [restartedMain] o.a.c.c.C.[Tomcat].[localhost].[/]       : Initializing Spring embedded WebApplicationContext
2021-01-28 13:56:51.752  INFO 18244 --- [restartedMain] w.s.c.ServletWebServerApplicationContext : Root WebApplicationContext: initialization completed in 11122 ms
2021-01-28 13:56:52.426  INFO 18244 --- [restartedMain] com.zaxxer.hikari.HikariDataSource       : HikariPool-1 - Starting...
2021-01-28 13:56:53.216  INFO 18244 --- [restartedMain] com.zaxxer.hikari.HikariDataSource       : HikariPool-1 - Start completed.
2021-01-28 13:56:53.293  INFO 18244 --- [restartedMain] o.s.b.a.h2.H2ConsoleAutoConfiguration    : H2 console available at '/h2-console'. Database available at 'jdbc:h2:mem:c01c3c50-a640-48b4-95a2-568c6b3eea45'
2021-01-28 13:56:54.266  INFO 18244 --- [restartedMain] o.s.s.concurrent.ThreadPoolTaskExecutor  : Initializing ExecutorService 'applicationTaskExecutor'
2021-01-28 13:56:54.358  INFO 18244 --- [restartedMain] o.s.s.c.ThreadPoolTaskScheduler          : Initializing ExecutorService 'taskScheduler'
2021-01-28 13:56:58.215  INFO 18244 --- [task-1] o.hibernate.jpa.internal.util.LogHelper  : HHH000204: Processing PersistenceUnitInfo [name: default]
2021-01-28 13:56:58.529  INFO 18244 --- [task-1] org.hibernate.Version                    : HHH000412: Hibernate ORM core version 5.4.18.Final
2021-01-28 13:56:59.102  INFO 18244 --- [task-1] o.hibernate.annotations.common.Version   : HCANN000001: Hibernate Commons Annotations {5.1.0.Final}
2021-01-28 13:56:59.404  WARN 18244 --- [restartedMain] JpaBaseConfiguration$JpaWebConfiguration : spring.jpa.open-in-view is enabled by default. Therefore, database queries may be performed during view rendering. Explicitly configure spring.jpa.open-in-view to disable this warning
2021-01-28 13:56:59.462  INFO 18244 --- [task-1] org.hibernate.dialect.Dialect            : HHH000400: Using dialect: org.hibernate.dialect.H2Dialect
2021-01-28 13:57:00.208  INFO 18244 --- [restartedMain] o.s.b.a.e.web.EndpointLinksResolver      : Exposing 14 endpoint(s) beneath base path '/actuator'
2021-01-28 13:57:01.176  INFO 18244 --- [restartedMain] o.s.b.d.a.OptionalLiveReloadServer       : LiveReload server is running on port 35729
2021-01-28 13:57:02.520  INFO 18244 --- [task-1] o.h.e.t.j.p.i.JtaPlatformInitiator       : HHH000490: Using JtaPlatform implementation: [org.hibernate.engine.transaction.jta.platform.internal.NoJtaPlatform]
2021-01-28 13:57:02.541  INFO 18244 --- [task-1] j.LocalContainerEntityManagerFactoryBean : Initialized JPA EntityManagerFactory for persistence unit 'default'
2021-01-28 13:57:03.051  INFO 18244 --- [restartedMain] o.s.b.w.embedded.tomcat.TomcatWebServer  : Tomcat started on port(s): 8080 (http) with context path ''
2021-01-28 13:57:03.054  INFO 18244 --- [restartedMain] d.s.w.p.DocumentationPluginsBootstrapper : Context refreshed
2021-01-28 13:57:03.124  INFO 18244 --- [restartedMain] d.s.w.p.DocumentationPluginsBootstrapper : Found 1 custom documentation plugin(s)
2021-01-28 13:57:03.163  INFO 18244 --- [restartedMain] s.d.s.w.s.ApiListingReferenceScanner     : Scanning for api listing references
2021-01-28 13:57:03.373  INFO 18244 --- [http-nio-8080-exec-1] o.a.c.c.C.[Tomcat].[localhost].[/]       : Initializing Spring DispatcherServlet 'dispatcherServlet'
2021-01-28 13:57:03.373  INFO 18244 --- [http-nio-8080-exec-1] o.s.web.servlet.DispatcherServlet        : Initializing Servlet 'dispatcherServlet'
2021-01-28 13:57:03.395  INFO 18244 --- [http-nio-8080-exec-1] o.s.web.servlet.DispatcherServlet        : Completed initialization in 21 ms
2021-01-28 13:57:04.160  INFO 18244 --- [restartedMain] .d.s.w.r.o.CachingOperationNameGenerator : Generating unique operation named: createUsingPOST_1
2021-01-28 13:57:04.175  INFO 18244 --- [restartedMain] .d.s.w.r.o.CachingOperationNameGenerator : Generating unique operation named: findUsingGET_1
2021-01-28 13:57:04.239  INFO 18244 --- [restartedMain] DeferredRepositoryInitializationListener : Triggering deferred initialization of Spring Data repositories…
2021-01-28 13:57:05.873  INFO 18244 --- [restartedMain] DeferredRepositoryInitializationListener : Spring Data repositories initialized!
2021-01-28 13:57:06.021  INFO 18244 --- [restartedMain] com.udemy.demo.LibraryApiApplication     : Started LibraryApiApplication in 28.754 seconds (JVM running for 38.079)
2021-01-28 13:58:04.608  INFO 18244 --- [http-nio-8080-exec-4] c.u.demo.api.resource.BookController     : Create a book for isbn: 16061980
2021-01-28 14:45:31.455  INFO 21384 --- [restartedMain] com.udemy.demo.LibraryApiApplication     : Starting LibraryApiApplication on ti-note with PID 21384 (D:\cursos\springboot\demo\target\classes started by rodrigo in D:\cursos\springboot\demo)
2021-01-28 14:45:31.461  INFO 21384 --- [restartedMain] com.udemy.demo.LibraryApiApplication     : No active profile set, falling back to default profiles: default
2021-01-28 14:45:31.625  INFO 21384 --- [restartedMain] .e.DevToolsPropertyDefaultsPostProcessor : Devtools property defaults active! Set 'spring.devtools.add-properties' to 'false' to disable
2021-01-28 14:45:31.626  INFO 21384 --- [restartedMain] .e.DevToolsPropertyDefaultsPostProcessor : For additional web related logging consider setting the 'logging.level.web' property to 'DEBUG'
2021-01-28 14:45:34.381  INFO 21384 --- [restartedMain] .s.d.r.c.RepositoryConfigurationDelegate : Bootstrapping Spring Data JPA repositories in DEFERRED mode.
2021-01-28 14:45:34.456  INFO 21384 --- [restartedMain] .s.d.r.c.RepositoryConfigurationDelegate : Finished Spring Data repository scanning in 66ms. Found 2 JPA repository interfaces.
2021-01-28 14:45:35.281  INFO 21384 --- [restartedMain] o.s.b.w.embedded.tomcat.TomcatWebServer  : Tomcat initialized with port(s): 8080 (http)
2021-01-28 14:45:35.291  INFO 21384 --- [restartedMain] o.apache.catalina.core.StandardService   : Starting service [Tomcat]
2021-01-28 14:45:35.291  INFO 21384 --- [restartedMain] org.apache.catalina.core.StandardEngine  : Starting Servlet engine: [Apache Tomcat/9.0.37]
2021-01-28 14:45:35.441  INFO 21384 --- [restartedMain] o.a.c.c.C.[Tomcat].[localhost].[/]       : Initializing Spring embedded WebApplicationContext
2021-01-28 14:45:35.442  INFO 21384 --- [restartedMain] w.s.c.ServletWebServerApplicationContext : Root WebApplicationContext: initialization completed in 3816 ms
2021-01-28 14:45:35.597  INFO 21384 --- [restartedMain] com.zaxxer.hikari.HikariDataSource       : HikariPool-1 - Starting...
2021-01-28 14:45:35.705  INFO 21384 --- [restartedMain] com.zaxxer.hikari.HikariDataSource       : HikariPool-1 - Start completed.
2021-01-28 14:45:35.714  INFO 21384 --- [restartedMain] o.s.b.a.h2.H2ConsoleAutoConfiguration    : H2 console available at '/h2-console'. Database available at 'jdbc:h2:mem:ed4abfc9-57c0-4d40-ba9f-caee70e6c6aa'
2021-01-28 14:45:35.876  INFO 21384 --- [restartedMain] o.s.s.concurrent.ThreadPoolTaskExecutor  : Initializing ExecutorService 'applicationTaskExecutor'
2021-01-28 14:45:35.890  INFO 21384 --- [restartedMain] o.s.s.c.ThreadPoolTaskScheduler          : Initializing ExecutorService 'taskScheduler'
2021-01-28 14:45:35.951  INFO 21384 --- [task-1] o.hibernate.jpa.internal.util.LogHelper  : HHH000204: Processing PersistenceUnitInfo [name: default]
2021-01-28 14:45:36.025  INFO 21384 --- [task-1] org.hibernate.Version                    : HHH000412: Hibernate ORM core version 5.4.18.Final
2021-01-28 14:45:36.183  INFO 21384 --- [task-1] o.hibernate.annotations.common.Version   : HCANN000001: Hibernate Commons Annotations {5.1.0.Final}
2021-01-28 14:45:36.359  INFO 21384 --- [task-1] org.hibernate.dialect.Dialect            : HHH000400: Using dialect: org.hibernate.dialect.H2Dialect
2021-01-28 14:45:36.420  WARN 21384 --- [restartedMain] JpaBaseConfiguration$JpaWebConfiguration : spring.jpa.open-in-view is enabled by default. Therefore, database queries may be performed during view rendering. Explicitly configure spring.jpa.open-in-view to disable this warning
2021-01-28 14:45:36.843  INFO 21384 --- [restartedMain] o.s.b.a.e.web.EndpointLinksResolver      : Exposing 14 endpoint(s) beneath base path '/actuator'
2021-01-28 14:45:37.239  INFO 21384 --- [restartedMain] o.s.b.d.a.OptionalLiveReloadServer       : LiveReload server is running on port 35729
2021-01-28 14:45:37.530  INFO 21384 --- [restartedMain] o.s.s.c.ThreadPoolTaskScheduler          : Initializing ExecutorService
2021-01-28 14:45:37.563  INFO 21384 --- [task-1] o.h.e.t.j.p.i.JtaPlatformInitiator       : HHH000490: Using JtaPlatform implementation: [org.hibernate.engine.transaction.jta.platform.internal.NoJtaPlatform]
2021-01-28 14:45:37.572  INFO 21384 --- [task-1] j.LocalContainerEntityManagerFactoryBean : Initialized JPA EntityManagerFactory for persistence unit 'default'
2021-01-28 14:45:37.702  WARN 21384 --- [restartedMain] ConfigServletWebServerApplicationContext : Exception encountered during context initialization - cancelling refresh attempt: org.springframework.context.ApplicationContextException: Failed to start bean 'webServerStartStop'; nested exception is org.springframework.boot.web.server.PortInUseException: Port 8080 is already in use
2021-01-28 14:45:37.704  INFO 21384 --- [restartedMain] o.s.s.c.ThreadPoolTaskScheduler          : Shutting down ExecutorService
2021-01-28 14:45:37.707  INFO 21384 --- [restartedMain] j.LocalContainerEntityManagerFactoryBean : Closing JPA EntityManagerFactory for persistence unit 'default'
2021-01-28 14:45:37.707  INFO 21384 --- [restartedMain] .SchemaDropperImpl$DelayedDropActionImpl : HHH000477: Starting delayed evictData of schema as part of SessionFactory shut-down'
2021-01-28 14:45:37.763  INFO 21384 --- [restartedMain] o.s.s.c.ThreadPoolTaskScheduler          : Shutting down ExecutorService 'taskScheduler'
2021-01-28 14:45:37.764  INFO 21384 --- [restartedMain] o.s.s.concurrent.ThreadPoolTaskExecutor  : Shutting down ExecutorService 'applicationTaskExecutor'
2021-01-28 14:45:37.974  WARN 21384 --- [restartedMain] o.s.b.f.support.DisposableBeanAdapter    : Invocation of destroy method failed on bean with name 'inMemoryDatabaseShutdownExecutor': org.h2.jdbc.JdbcSQLNonTransientConnectionException: Database is already closed (to disable automatic closing at VM shutdown, add ";DB_CLOSE_ON_EXIT=FALSE" to the db URL) [90121-200]
2021-01-28 14:45:37.975  INFO 21384 --- [restartedMain] com.zaxxer.hikari.HikariDataSource       : HikariPool-1 - Shutdown initiated...
2021-01-28 14:45:37.979  INFO 21384 --- [restartedMain] com.zaxxer.hikari.HikariDataSource       : HikariPool-1 - Shutdown completed.
2021-01-28 14:45:37.982  INFO 21384 --- [restartedMain] o.apache.catalina.core.StandardService   : Stopping service [Tomcat]
2021-01-28 14:45:38.006  INFO 21384 --- [restartedMain] ConditionEvaluationReportLoggingListener : 

Error starting ApplicationContext. To display the conditions report re-run your application with 'debug' enabled.
2021-01-28 14:45:38.012 ERROR 21384 --- [restartedMain] o.s.b.d.LoggingFailureAnalysisReporter   : 

***************************
APPLICATION FAILED TO START
***************************

Description:

Web server failed to start. Port 8080 was already in use.

Action:

Identify and stop the process that's listening on port 8080 or configure this application to listen on another port.

2021-01-28 14:46:16.584  INFO 21176 --- [restartedMain] com.udemy.demo.LibraryApiApplication     : Starting LibraryApiApplication on ti-note with PID 21176 (D:\cursos\springboot\demo\target\classes started by rodrigo in D:\cursos\springboot\demo)
2021-01-28 14:46:16.589  INFO 21176 --- [restartedMain] com.udemy.demo.LibraryApiApplication     : No active profile set, falling back to default profiles: default
2021-01-28 14:46:16.684  INFO 21176 --- [restartedMain] .e.DevToolsPropertyDefaultsPostProcessor : Devtools property defaults active! Set 'spring.devtools.add-properties' to 'false' to disable
2021-01-28 14:46:16.684  INFO 21176 --- [restartedMain] .e.DevToolsPropertyDefaultsPostProcessor : For additional web related logging consider setting the 'logging.level.web' property to 'DEBUG'
2021-01-28 14:46:20.434  INFO 21176 --- [restartedMain] .s.d.r.c.RepositoryConfigurationDelegate : Bootstrapping Spring Data JPA repositories in DEFERRED mode.
2021-01-28 14:46:20.555  INFO 21176 --- [restartedMain] .s.d.r.c.RepositoryConfigurationDelegate : Finished Spring Data repository scanning in 103ms. Found 2 JPA repository interfaces.
2021-01-28 14:46:21.751  INFO 21176 --- [restartedMain] o.s.b.w.embedded.tomcat.TomcatWebServer  : Tomcat initialized with port(s): 8082 (http)
2021-01-28 14:46:21.767  INFO 21176 --- [restartedMain] o.apache.catalina.core.StandardService   : Starting service [Tomcat]
2021-01-28 14:46:21.768  INFO 21176 --- [restartedMain] org.apache.catalina.core.StandardEngine  : Starting Servlet engine: [Apache Tomcat/9.0.37]
2021-01-28 14:46:21.994  INFO 21176 --- [restartedMain] o.a.c.c.C.[Tomcat].[localhost].[/]       : Initializing Spring embedded WebApplicationContext
2021-01-28 14:46:21.995  INFO 21176 --- [restartedMain] w.s.c.ServletWebServerApplicationContext : Root WebApplicationContext: initialization completed in 5310 ms
2021-01-28 14:46:22.206  INFO 21176 --- [restartedMain] com.zaxxer.hikari.HikariDataSource       : HikariPool-1 - Starting...
2021-01-28 14:46:22.374  INFO 21176 --- [restartedMain] com.zaxxer.hikari.HikariDataSource       : HikariPool-1 - Start completed.
2021-01-28 14:46:22.388  INFO 21176 --- [restartedMain] o.s.b.a.h2.H2ConsoleAutoConfiguration    : H2 console available at '/h2-console'. Database available at 'jdbc:h2:mem:4a6b51bc-43d8-480e-8271-4ea90c2b4153'
2021-01-28 14:46:22.766  INFO 21176 --- [restartedMain] o.s.s.concurrent.ThreadPoolTaskExecutor  : Initializing ExecutorService 'applicationTaskExecutor'
2021-01-28 14:46:22.837  INFO 21176 --- [restartedMain] o.s.s.c.ThreadPoolTaskScheduler          : Initializing ExecutorService 'taskScheduler'
2021-01-28 14:46:22.955  INFO 21176 --- [task-1] o.hibernate.jpa.internal.util.LogHelper  : HHH000204: Processing PersistenceUnitInfo [name: default]
2021-01-28 14:46:23.058  INFO 21176 --- [task-1] org.hibernate.Version                    : HHH000412: Hibernate ORM core version 5.4.18.Final
2021-01-28 14:46:23.347  INFO 21176 --- [task-1] o.hibernate.annotations.common.Version   : HCANN000001: Hibernate Commons Annotations {5.1.0.Final}
2021-01-28 14:46:23.570  INFO 21176 --- [task-1] org.hibernate.dialect.Dialect            : HHH000400: Using dialect: org.hibernate.dialect.H2Dialect
2021-01-28 14:46:23.586  WARN 21176 --- [restartedMain] JpaBaseConfiguration$JpaWebConfiguration : spring.jpa.open-in-view is enabled by default. Therefore, database queries may be performed during view rendering. Explicitly configure spring.jpa.open-in-view to disable this warning
2021-01-28 14:46:24.338  INFO 21176 --- [restartedMain] o.s.b.a.e.web.EndpointLinksResolver      : Exposing 14 endpoint(s) beneath base path '/actuator'
2021-01-28 14:46:24.771  INFO 21176 --- [restartedMain] o.s.b.d.a.OptionalLiveReloadServer       : LiveReload server is running on port 35729
2021-01-28 14:46:25.098  INFO 21176 --- [restartedMain] o.s.s.c.ThreadPoolTaskScheduler          : Initializing ExecutorService
2021-01-28 14:46:25.180  INFO 21176 --- [task-1] o.h.e.t.j.p.i.JtaPlatformInitiator       : HHH000490: Using JtaPlatform implementation: [org.hibernate.engine.transaction.jta.platform.internal.NoJtaPlatform]
2021-01-28 14:46:25.192  INFO 21176 --- [task-1] j.LocalContainerEntityManagerFactoryBean : Initialized JPA EntityManagerFactory for persistence unit 'default'
2021-01-28 14:46:25.613  INFO 21176 --- [restartedMain] o.s.b.w.embedded.tomcat.TomcatWebServer  : Tomcat started on port(s): 8082 (http) with context path ''
2021-01-28 14:46:25.616  INFO 21176 --- [restartedMain] d.s.w.p.DocumentationPluginsBootstrapper : Context refreshed
2021-01-28 14:46:25.654  INFO 21176 --- [restartedMain] d.s.w.p.DocumentationPluginsBootstrapper : Found 1 custom documentation plugin(s)
2021-01-28 14:46:25.687  INFO 21176 --- [restartedMain] s.d.s.w.s.ApiListingReferenceScanner     : Scanning for api listing references
2021-01-28 14:46:26.354  INFO 21176 --- [restartedMain] .d.s.w.r.o.CachingOperationNameGenerator : Generating unique operation named: createUsingPOST_1
2021-01-28 14:46:26.380  INFO 21176 --- [restartedMain] .d.s.w.r.o.CachingOperationNameGenerator : Generating unique operation named: findUsingGET_1
2021-01-28 14:46:26.536  INFO 21176 --- [restartedMain] DeferredRepositoryInitializationListener : Triggering deferred initialization of Spring Data repositories…
2021-01-28 14:46:27.925  INFO 21176 --- [restartedMain] DeferredRepositoryInitializationListener : Spring Data repositories initialized!
2021-01-28 14:46:27.984  INFO 21176 --- [restartedMain] com.udemy.demo.LibraryApiApplication     : Started LibraryApiApplication in 12.453 seconds (JVM running for 14.986)
2021-01-28 14:46:29.395  INFO 21176 --- [registrationTask1] d.c.b.a.c.r.ApplicationRegistrator       : Application registered itself as d662b0c49c55
2021-01-28 14:46:29.615  INFO 21176 --- [RMI TCP Connection(1)-192.168.0.216] o.a.c.c.C.[Tomcat].[localhost].[/]       : Initializing Spring DispatcherServlet 'dispatcherServlet'
2021-01-28 14:46:29.619  INFO 21176 --- [RMI TCP Connection(1)-192.168.0.216] o.s.web.servlet.DispatcherServlet        : Initializing Servlet 'dispatcherServlet'
2021-01-28 14:46:29.800  INFO 21176 --- [RMI TCP Connection(1)-192.168.0.216] o.s.web.servlet.DispatcherServlet        : Completed initialization in 98 ms
